# Logfile created on 2016-06-19 13:59:45 -0300 by logger.rb/53141
  INFO ---------------------------------------------------------------------------
  INFO START 2016-06-19 13:59:45 -0300 cap production uptime
  INFO ---------------------------------------------------------------------------
 DEBUG [d0705162] Running /usr/bin/env uptime on localhost
 DEBUG [7da0a6d9] Running /usr/bin/env uptime on 33.33.33.10
 DEBUG [d0705162] Command: /usr/bin/env uptime
 DEBUG [7da0a6d9] Command: /usr/bin/env uptime
 DEBUG [d0705162] 	 13:59:50 up  3:38,  7 users,  load average: 0,75, 0,50, 0,38
 DEBUG [d0705162] Finished in 5.179 seconds with exit status 0 (successful).
  INFO ---------------------------------------------------------------------------
  INFO START 2016-06-19 14:01:01 -0300 cap production uptime
  INFO ---------------------------------------------------------------------------
 DEBUG [dded3596] Running /usr/bin/env uptime on localhost
 DEBUG [bf3a0e35] Running /usr/bin/env uptime on 33.33.33.10
 DEBUG [dded3596] Command: /usr/bin/env uptime
 DEBUG [bf3a0e35] Command: /usr/bin/env uptime
 DEBUG [dded3596] 	 14:01:02 up  3:39,  7 users,  load average: 0,59, 0,54, 0,41
 DEBUG [dded3596] Finished in 0.872 seconds with exit status 0 (successful).
 DEBUG [bf3a0e35] 	 17:01:02 up  2:33,  0 users,  load average: 0.00, 0.01, 0.05
 DEBUG [bf3a0e35] Finished in 1.079 seconds with exit status 0 (successful).
