Generated at 2016-06-22 01:27:57 -0300
RuntimeError: machine[proxy] (my-infra::default line 18) had an error: RuntimeError: Error: command 'chef-client -l info' exited with code 1.

/opt/chefdk/embedded/lib/ruby/gems/2.1.0/gems/chef-provisioning-1.6.0/lib/chef/provisioning/transport/ssh.rb:301:in `error!'
/opt/chefdk/embedded/lib/ruby/gems/2.1.0/gems/chef-provisioning-1.6.0/lib/chef/provisioning/machine/basic_machine.rb:31:in `block in execute'
/opt/chefdk/embedded/lib/ruby/gems/2.1.0/gems/chef-12.8.1/lib/chef/mixin/why_run.rb:52:in `add_action'
/opt/chefdk/embedded/lib/ruby/gems/2.1.0/gems/chef-12.8.1/lib/chef/provider.rb:175:in `converge_by'
/opt/chefdk/embedded/lib/ruby/gems/2.1.0/gems/chef-provisioning-1.6.0/lib/chef/provisioning/chef_provider_action_handler.rb:54:in `perform_action'
/opt/chefdk/embedded/lib/ruby/gems/2.1.0/gems/chef-provisioning-1.6.0/lib/chef/provisioning/machine/basic_machine.rb:29:in `execute'
/opt/chefdk/embedded/lib/ruby/gems/2.1.0/gems/chef-provisioning-1.6.0/lib/chef/provisioning/convergence_strategy/install_cached.rb:84:in `block (2 levels) in converge'
/opt/chefdk/embedded/lib/ruby/gems/2.1.0/gems/chef-12.8.1/lib/chef/run_context.rb:527:in `open_stream'
/opt/chefdk/embedded/lib/ruby/gems/2.1.0/gems/chef-provisioning-1.6.0/lib/chef/provisioning/chef_provider_action_handler.rb:59:in `open_stream'
/opt/chefdk/embedded/lib/ruby/gems/2.1.0/gems/chef-provisioning-1.6.0/lib/chef/provisioning/convergence_strategy/install_cached.rb:81:in `block in converge'
/opt/chefdk/embedded/lib/ruby/gems/2.1.0/gems/chef-12.8.1/lib/chef/run_context.rb:527:in `open_stream'
/opt/chefdk/embedded/lib/ruby/gems/2.1.0/gems/chef-provisioning-1.6.0/lib/chef/provisioning/chef_provider_action_handler.rb:59:in `open_stream'
/opt/chefdk/embedded/lib/ruby/gems/2.1.0/gems/chef-provisioning-1.6.0/lib/chef/provisioning/convergence_strategy/install_cached.rb:80:in `converge'
/opt/chefdk/embedded/lib/ruby/gems/2.1.0/gems/chef-provisioning-1.6.0/lib/chef/provisioning/machine/basic_machine.rb:21:in `converge'
/opt/chefdk/embedded/lib/ruby/gems/2.1.0/gems/chef-provisioning-1.6.0/lib/chef/provider/machine.rb:67:in `block in <class:Machine>'
(eval):2:in `block in action_converge'
/opt/chefdk/embedded/lib/ruby/gems/2.1.0/gems/chef-12.8.1/lib/chef/provider.rb:360:in `instance_eval'
/opt/chefdk/embedded/lib/ruby/gems/2.1.0/gems/chef-12.8.1/lib/chef/provider.rb:360:in `compile_and_converge_action'
(eval):2:in `action_converge'
/opt/chefdk/embedded/lib/ruby/gems/2.1.0/gems/chef-12.8.1/lib/chef/provider.rb:144:in `run_action'
/opt/chefdk/embedded/lib/ruby/gems/2.1.0/gems/chef-12.8.1/lib/chef/resource.rb:596:in `run_action'
/opt/chefdk/embedded/lib/ruby/gems/2.1.0/gems/chef-12.8.1/lib/chef/runner.rb:73:in `run_action'
/opt/chefdk/embedded/lib/ruby/gems/2.1.0/gems/chef-12.8.1/lib/chef/runner.rb:105:in `block (2 levels) in converge'
/opt/chefdk/embedded/lib/ruby/gems/2.1.0/gems/chef-12.8.1/lib/chef/runner.rb:105:in `each'
/opt/chefdk/embedded/lib/ruby/gems/2.1.0/gems/chef-12.8.1/lib/chef/runner.rb:105:in `block in converge'
/opt/chefdk/embedded/lib/ruby/gems/2.1.0/gems/chef-12.8.1/lib/chef/resource_collection/resource_list.rb:84:in `block in execute_each_resource'
/opt/chefdk/embedded/lib/ruby/gems/2.1.0/gems/chef-12.8.1/lib/chef/resource_collection/stepable_iterator.rb:116:in `call'
/opt/chefdk/embedded/lib/ruby/gems/2.1.0/gems/chef-12.8.1/lib/chef/resource_collection/stepable_iterator.rb:116:in `call_iterator_block'
/opt/chefdk/embedded/lib/ruby/gems/2.1.0/gems/chef-12.8.1/lib/chef/resource_collection/stepable_iterator.rb:85:in `step'
/opt/chefdk/embedded/lib/ruby/gems/2.1.0/gems/chef-12.8.1/lib/chef/resource_collection/stepable_iterator.rb:104:in `iterate'
/opt/chefdk/embedded/lib/ruby/gems/2.1.0/gems/chef-12.8.1/lib/chef/resource_collection/stepable_iterator.rb:55:in `each_with_index'
/opt/chefdk/embedded/lib/ruby/gems/2.1.0/gems/chef-12.8.1/lib/chef/resource_collection/resource_list.rb:82:in `execute_each_resource'
/opt/chefdk/embedded/lib/ruby/gems/2.1.0/gems/chef-12.8.1/lib/chef/runner.rb:104:in `converge'
/opt/chefdk/embedded/lib/ruby/gems/2.1.0/gems/chef-12.8.1/lib/chef/client.rb:668:in `block in converge'
/opt/chefdk/embedded/lib/ruby/gems/2.1.0/gems/chef-12.8.1/lib/chef/client.rb:663:in `catch'
/opt/chefdk/embedded/lib/ruby/gems/2.1.0/gems/chef-12.8.1/lib/chef/client.rb:663:in `converge'
/opt/chefdk/embedded/lib/ruby/gems/2.1.0/gems/chef-12.8.1/lib/chef/client.rb:702:in `converge_and_save'
/opt/chefdk/embedded/lib/ruby/gems/2.1.0/gems/chef-12.8.1/lib/chef/client.rb:280:in `run'
/opt/chefdk/embedded/lib/ruby/gems/2.1.0/gems/chef-12.8.1/lib/chef/application.rb:270:in `block in fork_chef_client'
/opt/chefdk/embedded/lib/ruby/gems/2.1.0/gems/chef-12.8.1/lib/chef/application.rb:258:in `fork'
/opt/chefdk/embedded/lib/ruby/gems/2.1.0/gems/chef-12.8.1/lib/chef/application.rb:258:in `fork_chef_client'
/opt/chefdk/embedded/lib/ruby/gems/2.1.0/gems/chef-12.8.1/lib/chef/application.rb:223:in `block in run_chef_client'
/opt/chefdk/embedded/lib/ruby/gems/2.1.0/gems/chef-12.8.1/lib/chef/local_mode.rb:44:in `with_server_connectivity'
/opt/chefdk/embedded/lib/ruby/gems/2.1.0/gems/chef-12.8.1/lib/chef/application.rb:211:in `run_chef_client'
/opt/chefdk/embedded/lib/ruby/gems/2.1.0/gems/chef-12.8.1/lib/chef/application/client.rb:445:in `block in interval_run_chef_client'
/opt/chefdk/embedded/lib/ruby/gems/2.1.0/gems/chef-12.8.1/lib/chef/application/client.rb:435:in `loop'
/opt/chefdk/embedded/lib/ruby/gems/2.1.0/gems/chef-12.8.1/lib/chef/application/client.rb:435:in `interval_run_chef_client'
/opt/chefdk/embedded/lib/ruby/gems/2.1.0/gems/chef-12.8.1/lib/chef/application/client.rb:424:in `run_application'
/opt/chefdk/embedded/lib/ruby/gems/2.1.0/gems/chef-12.8.1/lib/chef/application.rb:58:in `run'
/opt/chefdk/embedded/lib/ruby/gems/2.1.0/gems/chef-12.8.1/bin/chef-client:26:in `<top (required)>'
/home/car/.chefdk/gem/ruby/2.1.0/bin/chef-client:22:in `load'
/home/car/.chefdk/gem/ruby/2.1.0/bin/chef-client:22:in `<main>'